# JRE version: OpenJDK Runtime Environment (21.0.7) (build 21.0.7+-13880790-b1038.58)
# Java VM: OpenJDK 64-Bit Server VM (21.0.7+-13880790-b1038.58, mixed mode, tiered, compressed oops, compressed class ptrs, g1 gc, windows-amd64)
GC Precious Log:
 CardTable entry size: 512
 Card Set container configuration: InlinePtr #cards 5 size 8 Array Of Cards #cards 12 size 40 Howl #buckets 4 coarsen threshold 1843 Howl Bitmap #cards 512 size 80 coarsen threshold 460 Card regions per heap region 1 cards per card region 2048
 CPUs: 8 total, 8 available
 Memory: 15294M
 Large Page Support: Disabled
 NUMA Support: Disabled
 Compressed Oops: Enabled (32-bit)
 Heap Region Size: 1M
 Heap Min Capacity: 8M
 Heap Initial Capacity: 240M
 Heap Max Capacity: 2G
 Pre-touch: Disabled
 Parallel Workers: 8
 Concurrent Workers: 2
 Concurrent Refinement Workers: 8
 Periodic GC: Disabled
Heap:
 garbage-first heap   total 174080K, used 143986K [0x0000000080000000, 0x0000000100000000)
  region size 1024K, 44 young (45056K), 5 survivors (5120K)
 Metaspace       used 73625K, committed 75264K, reserved 1114112K
  class space    used 10122K, committed 10880K, reserved 1048576K
GC Heap History (20 events):
Event: 7.999 GC heap before
{Heap before GC invocations=17 (full 0):
 garbage-first heap   total 128000K, used 119169K [0x0000000080000000, 0x0000000100000000)
  region size 1024K, 50 young (51200K), 5 survivors (5120K)
 Metaspace       used 53059K, committed 54464K, reserved 1114112K
  class space    used 7221K, committed 7872K, reserved 1048576K
}
Event: 8.005 GC heap after
{Heap after GC invocations=18 (full 0):
 garbage-first heap   total 128000K, used 70663K [0x0000000080000000, 0x0000000100000000)
  region size 1024K, 5 young (5120K), 5 survivors (5120K)
 Metaspace       used 53059K, committed 54464K, reserved 1114112K
  class space    used 7221K, committed 7872K, reserved 1048576K
}
Event: 8.925 GC heap before
{Heap before GC invocations=18 (full 0):
 garbage-first heap   total 128000K, used 115719K [0x0000000080000000, 0x0000000100000000)
  region size 1024K, 48 young (49152K), 5 survivors (5120K)
 Metaspace       used 58135K, committed 59712K, reserved 1114112K
  class space    used 8052K, committed 8832K, reserved 1048576K
}
Event: 8.932 GC heap after
{Heap after GC invocations=19 (full 0):
 garbage-first heap   total 128000K, used 75525K [0x0000000080000000, 0x0000000100000000)
  region size 1024K, 6 young (6144K), 6 survivors (6144K)
 Metaspace       used 58135K, committed 59712K, reserved 1114112K
  class space    used 8052K, committed 8832K, reserved 1048576K
}
Event: 9.723 GC heap before
{Heap before GC invocations=19 (full 0):
 garbage-first heap   total 128000K, used 114437K [0x0000000080000000, 0x0000000100000000)
  region size 1024K, 44 young (45056K), 6 survivors (6144K)
 Metaspace       used 60476K, committed 62016K, reserved 1114112K
  class space    used 8458K, committed 9216K, reserved 1048576K
}
Event: 9.731 GC heap after
{Heap after GC invocations=20 (full 0):
 garbage-first heap   total 128000K, used 78349K [0x0000000080000000, 0x0000000100000000)
  region size 1024K, 3 young (3072K), 3 survivors (3072K)
 Metaspace       used 60476K, committed 62016K, reserved 1114112K
  class space    used 8458K, committed 9216K, reserved 1048576K
}
Event: 10.034 GC heap before
{Heap before GC invocations=21 (full 0):
 garbage-first heap   total 132096K, used 117261K [0x0000000080000000, 0x0000000100000000)
  region size 1024K, 41 young (41984K), 3 survivors (3072K)
 Metaspace       used 60509K, committed 62016K, reserved 1114112K
  class space    used 8460K, committed 9216K, reserved 1048576K
}
Event: 10.039 GC heap after
{Heap after GC invocations=22 (full 0):
 garbage-first heap   total 132096K, used 79627K [0x0000000080000000, 0x0000000100000000)
  region size 1024K, 4 young (4096K), 4 survivors (4096K)
 Metaspace       used 60509K, committed 62016K, reserved 1114112K
  class space    used 8460K, committed 9216K, reserved 1048576K
}
Event: 10.287 GC heap before
{Heap before GC invocations=22 (full 0):
 garbage-first heap   total 132096K, used 120587K [0x0000000080000000, 0x0000000100000000)
  region size 1024K, 44 young (45056K), 4 survivors (4096K)
 Metaspace       used 60510K, committed 62016K, reserved 1114112K
  class space    used 8460K, committed 9216K, reserved 1048576K
}
Event: 10.291 GC heap after
{Heap after GC invocations=23 (full 0):
 garbage-first heap   total 132096K, used 80463K [0x0000000080000000, 0x0000000100000000)
  region size 1024K, 3 young (3072K), 3 survivors (3072K)
 Metaspace       used 60510K, committed 62016K, reserved 1114112K
  class space    used 8460K, committed 9216K, reserved 1048576K
}
Event: 10.769 GC heap before
{Heap before GC invocations=23 (full 0):
 garbage-first heap   total 132096K, used 121423K [0x0000000080000000, 0x0000000100000000)
  region size 1024K, 43 young (44032K), 3 survivors (3072K)
 Metaspace       used 62848K, committed 64320K, reserved 1114112K
  class space    used 8740K, committed 9472K, reserved 1048576K
}
Event: 10.773 GC heap after
{Heap after GC invocations=24 (full 0):
 garbage-first heap   total 132096K, used 82310K [0x0000000080000000, 0x0000000100000000)
  region size 1024K, 5 young (5120K), 5 survivors (5120K)
 Metaspace       used 62848K, committed 64320K, reserved 1114112K
  class space    used 8740K, committed 9472K, reserved 1048576K
}
Event: 11.289 GC heap before
{Heap before GC invocations=25 (full 0):
 garbage-first heap   total 138240K, used 125318K [0x0000000080000000, 0x0000000100000000)
  region size 1024K, 40 young (40960K), 5 survivors (5120K)
 Metaspace       used 63924K, committed 65408K, reserved 1114112K
  class space    used 8861K, committed 9600K, reserved 1048576K
}
Event: 11.295 GC heap after
{Heap after GC invocations=26 (full 0):
 garbage-first heap   total 138240K, used 93407K [0x0000000080000000, 0x0000000100000000)
  region size 1024K, 5 young (5120K), 5 survivors (5120K)
 Metaspace       used 63924K, committed 65408K, reserved 1114112K
  class space    used 8861K, committed 9600K, reserved 1048576K
}
Event: 11.379 GC heap before
{Heap before GC invocations=26 (full 0):
 garbage-first heap   total 138240K, used 124127K [0x0000000080000000, 0x0000000100000000)
  region size 1024K, 35 young (35840K), 5 survivors (5120K)
 Metaspace       used 63941K, committed 65408K, reserved 1114112K
  class space    used 8861K, committed 9600K, reserved 1048576K
}
Event: 11.384 GC heap after
{Heap after GC invocations=27 (full 0):
 garbage-first heap   total 165888K, used 94206K [0x0000000080000000, 0x0000000100000000)
  region size 1024K, 1 young (1024K), 1 survivors (1024K)
 Metaspace       used 63941K, committed 65408K, reserved 1114112K
  class space    used 8861K, committed 9600K, reserved 1048576K
}
Event: 11.779 GC heap before
{Heap before GC invocations=27 (full 0):
 garbage-first heap   total 165888K, used 126974K [0x0000000080000000, 0x0000000100000000)
  region size 1024K, 28 young (28672K), 1 survivors (1024K)
 Metaspace       used 64610K, committed 66112K, reserved 1114112K
  class space    used 8938K, committed 9664K, reserved 1048576K
}
Event: 11.782 GC heap after
{Heap after GC invocations=28 (full 0):
 garbage-first heap   total 165888K, used 101992K [0x0000000080000000, 0x0000000100000000)
  region size 1024K, 3 young (3072K), 3 survivors (3072K)
 Metaspace       used 64610K, committed 66112K, reserved 1114112K
  class space    used 8938K, committed 9664K, reserved 1048576K
}
Event: 12.511 GC heap before
{Heap before GC invocations=29 (full 0):
 garbage-first heap   total 174080K, used 154216K [0x0000000080000000, 0x0000000100000000)
  region size 1024K, 52 young (53248K), 3 survivors (3072K)
 Metaspace       used 68251K, committed 69824K, reserved 1114112K
  class space    used 9347K, committed 10112K, reserved 1048576K
}
Event: 12.515 GC heap after
{Heap after GC invocations=30 (full 0):
 garbage-first heap   total 174080K, used 105074K [0x0000000080000000, 0x0000000100000000)
  region size 1024K, 5 young (5120K), 5 survivors (5120K)
 Metaspace       used 68251K, committed 69824K, reserved 1114112K
  class space    used 9347K, committed 10112K, reserved 1048576K
}

