# JRE version: OpenJDK Runtime Environment (21.0.7) (build 21.0.7+-13880790-b1038.58)
# Java VM: OpenJDK 64-Bit Server VM (21.0.7+-13880790-b1038.58, mixed mode, tiered, compressed oops, compressed class ptrs, g1 gc, windows-amd64)
GC Precious Log:
 CardTable entry size: 512
 Card Set container configuration: InlinePtr #cards 5 size 8 Array Of Cards #cards 12 size 40 Howl #buckets 4 coarsen threshold 1843 Howl Bitmap #cards 512 size 80 coarsen threshold 460 Card regions per heap region 1 cards per card region 2048
 CPUs: 8 total, 8 available
 Memory: 15294M
 Large Page Support: Disabled
 NUMA Support: Disabled
 Compressed Oops: Enabled (32-bit)
 Heap Region Size: 1M
 Heap Min Capacity: 8M
 Heap Initial Capacity: 240M
 Heap Max Capacity: 2G
 Pre-touch: Disabled
 Parallel Workers: 8
 Concurrent Workers: 2
 Concurrent Refinement Workers: 8
 Periodic GC: Disabled
Heap:
 garbage-first heap   total 133120K, used 97735K [0x0000000080000000, 0x0000000100000000)
  region size 1024K, 6 young (6144K), 3 survivors (3072K)
 Metaspace       used 62977K, committed 64640K, reserved 1114112K
  class space    used 8640K, committed 9472K, reserved 1048576K
GC Heap History (20 events):
Event: 10.428 GC heap before
{Heap before GC invocations=7 (full 0):
 garbage-first heap   total 68608K, used 51776K [0x0000000080000000, 0x0000000100000000)
  region size 1024K, 32 young (32768K), 4 survivors (4096K)
 Metaspace       used 35165K, committed 35968K, reserved 1114112K
  class space    used 4799K, committed 5184K, reserved 1048576K
}
Event: 10.433 GC heap after
{Heap after GC invocations=8 (full 0):
 garbage-first heap   total 68608K, used 26322K [0x0000000080000000, 0x0000000100000000)
  region size 1024K, 5 young (5120K), 5 survivors (5120K)
 Metaspace       used 35165K, committed 35968K, reserved 1114112K
  class space    used 4799K, committed 5184K, reserved 1048576K
}
Event: 10.831 GC heap before
{Heap before GC invocations=9 (full 0):
 garbage-first heap   total 70656K, used 68306K [0x0000000080000000, 0x0000000100000000)
  region size 1024K, 20 young (20480K), 5 survivors (5120K)
 Metaspace       used 36366K, committed 37248K, reserved 1114112K
  class space    used 5010K, committed 5440K, reserved 1048576K
}
Event: 10.837 GC heap after
{Heap after GC invocations=10 (full 0):
 garbage-first heap   total 78848K, used 58335K [0x0000000080000000, 0x0000000100000000)
  region size 1024K, 5 young (5120K), 5 survivors (5120K)
 Metaspace       used 36366K, committed 37248K, reserved 1114112K
  class space    used 5010K, committed 5440K, reserved 1048576K
}
Event: 11.041 GC heap before
{Heap before GC invocations=10 (full 0):
 garbage-first heap   total 78848K, used 69599K [0x0000000080000000, 0x0000000100000000)
  region size 1024K, 15 young (15360K), 5 survivors (5120K)
 Metaspace       used 37730K, committed 38592K, reserved 1114112K
  class space    used 5184K, committed 5568K, reserved 1048576K
}
Event: 11.045 GC heap after
{Heap after GC invocations=11 (full 0):
 garbage-first heap   total 118784K, used 61342K [0x0000000080000000, 0x0000000100000000)
  region size 1024K, 2 young (2048K), 2 survivors (2048K)
 Metaspace       used 37730K, committed 38592K, reserved 1114112K
  class space    used 5184K, committed 5568K, reserved 1048576K
}
Event: 12.294 GC heap before
{Heap before GC invocations=11 (full 0):
 garbage-first heap   total 118784K, used 99230K [0x0000000080000000, 0x0000000100000000)
  region size 1024K, 40 young (40960K), 2 survivors (2048K)
 Metaspace       used 45217K, committed 46144K, reserved 1114112K
  class space    used 6157K, committed 6592K, reserved 1048576K
}
Event: 12.299 GC heap after
{Heap after GC invocations=12 (full 0):
 garbage-first heap   total 118784K, used 64240K [0x0000000080000000, 0x0000000100000000)
  region size 1024K, 5 young (5120K), 5 survivors (5120K)
 Metaspace       used 45217K, committed 46144K, reserved 1114112K
  class space    used 6157K, committed 6592K, reserved 1048576K
}
Event: 12.979 GC heap before
{Heap before GC invocations=13 (full 0):
 garbage-first heap   total 118784K, used 106224K [0x0000000080000000, 0x0000000100000000)
  region size 1024K, 42 young (43008K), 5 survivors (5120K)
 Metaspace       used 48021K, committed 49088K, reserved 1114112K
  class space    used 6404K, committed 6912K, reserved 1048576K
}
Event: 12.985 GC heap after
{Heap after GC invocations=14 (full 0):
 garbage-first heap   total 118784K, used 68056K [0x0000000080000000, 0x0000000100000000)
  region size 1024K, 4 young (4096K), 4 survivors (4096K)
 Metaspace       used 48021K, committed 49088K, reserved 1114112K
  class space    used 6404K, committed 6912K, reserved 1048576K
}
Event: 13.778 GC heap before
{Heap before GC invocations=14 (full 0):
 garbage-first heap   total 118784K, used 104920K [0x0000000080000000, 0x0000000100000000)
  region size 1024K, 40 young (40960K), 4 survivors (4096K)
 Metaspace       used 52124K, committed 53504K, reserved 1114112K
  class space    used 7065K, committed 7744K, reserved 1048576K
}
Event: 13.783 GC heap after
{Heap after GC invocations=15 (full 0):
 garbage-first heap   total 118784K, used 69719K [0x0000000080000000, 0x0000000100000000)
  region size 1024K, 3 young (3072K), 3 survivors (3072K)
 Metaspace       used 52124K, committed 53504K, reserved 1114112K
  class space    used 7065K, committed 7744K, reserved 1048576K
}
Event: 14.574 GC heap before
{Heap before GC invocations=15 (full 0):
 garbage-first heap   total 118784K, used 105559K [0x0000000080000000, 0x0000000100000000)
  region size 1024K, 38 young (38912K), 3 survivors (3072K)
 Metaspace       used 56458K, committed 57920K, reserved 1114112K
  class space    used 7802K, committed 8512K, reserved 1048576K
}
Event: 14.579 GC heap after
{Heap after GC invocations=16 (full 0):
 garbage-first heap   total 118784K, used 71337K [0x0000000080000000, 0x0000000100000000)
  region size 1024K, 5 young (5120K), 5 survivors (5120K)
 Metaspace       used 56458K, committed 57920K, reserved 1114112K
  class space    used 7802K, committed 8512K, reserved 1048576K
}
Event: 15.278 GC heap before
{Heap before GC invocations=17 (full 0):
 garbage-first heap   total 128000K, used 121513K [0x0000000080000000, 0x0000000100000000)
  region size 1024K, 38 young (38912K), 5 survivors (5120K)
 Metaspace       used 58114K, committed 59712K, reserved 1114112K
  class space    used 8042K, committed 8832K, reserved 1048576K
}
Event: 15.285 GC heap after
{Heap after GC invocations=18 (full 0):
 garbage-first heap   total 133120K, used 93745K [0x0000000080000000, 0x0000000100000000)
  region size 1024K, 5 young (5120K), 5 survivors (5120K)
 Metaspace       used 58114K, committed 59712K, reserved 1114112K
  class space    used 8042K, committed 8832K, reserved 1048576K
}
Event: 15.537 GC heap before
{Heap before GC invocations=18 (full 0):
 garbage-first heap   total 133120K, used 122417K [0x0000000080000000, 0x0000000100000000)
  region size 1024K, 31 young (31744K), 5 survivors (5120K)
 Metaspace       used 60012K, committed 61696K, reserved 1114112K
  class space    used 8203K, committed 9024K, reserved 1048576K
}
Event: 15.542 GC heap after
{Heap after GC invocations=19 (full 0):
 garbage-first heap   total 133120K, used 94246K [0x0000000080000000, 0x0000000100000000)
  region size 1024K, 1 young (1024K), 1 survivors (1024K)
 Metaspace       used 60012K, committed 61696K, reserved 1114112K
  class space    used 8203K, committed 9024K, reserved 1048576K
}
Event: 16.002 GC heap before
{Heap before GC invocations=19 (full 0):
 garbage-first heap   total 133120K, used 122918K [0x0000000080000000, 0x0000000100000000)
  region size 1024K, 29 young (29696K), 1 survivors (1024K)
 Metaspace       used 62622K, committed 64256K, reserved 1114112K
  class space    used 8591K, committed 9408K, reserved 1048576K
}
Event: 16.005 GC heap after
{Heap after GC invocations=20 (full 0):
 garbage-first heap   total 133120K, used 95687K [0x0000000080000000, 0x0000000100000000)
  region size 1024K, 3 young (3072K), 3 survivors (3072K)
 Metaspace       used 62622K, committed 64256K, reserved 1114112K
  class space    used 8591K, committed 9408K, reserved 1048576K
}

